<?xml version="1.0" encoding="UTF-8"?>
<!-- Generated by org.testng.reporters.JUnitReportReporter -->
<testsuite skipped="0" hostname="DESKTOP-AN5GK7L" name="script.Nav_Intro_Script" tests="1" failures="0" timestamp="2019-12-19T12:00:59 IST" time="47.807" errors="0">
  <testcase name="f" time="47.807" classname="script.Nav_Intro_Script"/>
</testsuite> <!-- script.Nav_Intro_Script -->
