<?xml version="1.0" encoding="UTF-8"?>
<!-- Generated by org.testng.reporters.JUnitReportReporter -->
<testsuite skipped="0" hostname="DESKTOP-AN5GK7L" name="script.PlaceOrderScript" tests="1" failures="0" timestamp="2019-12-10T16:47:29 IST" time="90.476" errors="0">
  <testcase name="f" time="90.476" classname="script.PlaceOrderScript"/>
</testsuite> <!-- script.PlaceOrderScript -->
