<?xml version="1.0" encoding="UTF-8"?>
<!-- Generated by org.testng.reporters.JUnitReportReporter -->
<testsuite skipped="0" hostname="DESKTOP-AN5GK7L" name="script.WalletScript" tests="1" failures="0" timestamp="2019-12-12T17:48:13 IST" time="10.945" errors="0">
  <testcase name="f" time="10.945" classname="script.WalletScript"/>
</testsuite> <!-- script.WalletScript -->
