<?xml version="1.0" encoding="UTF-8"?>
<!-- Generated by org.testng.reporters.JUnitReportReporter -->
<testsuite skipped="0" hostname="DESKTOP-AN5GK7L" name="script.SearchScript" tests="1" failures="0" timestamp="2019-12-12T17:48:13 IST" time="11.124" errors="0">
  <testcase name="f" time="11.124" classname="script.SearchScript"/>
</testsuite> <!-- script.SearchScript -->
