<?xml version="1.0" encoding="UTF-8"?>
<!-- Generated by org.testng.reporters.JUnitReportReporter -->
<testsuite skipped="0" hostname="DESKTOP-AN5GK7L" name="script.ProfileFunctionalityScript" tests="1" failures="0" timestamp="2019-12-10T16:47:29 IST" time="39.902" errors="0">
  <testcase name="f" time="39.902" classname="script.ProfileFunctionalityScript"/>
</testsuite> <!-- script.ProfileFunctionalityScript -->
