<?xml version="1.0" encoding="UTF-8"?>
<!-- Generated by org.testng.reporters.JUnitReportReporter -->
<testsuite skipped="0" hostname="DESKTOP-AN5GK7L" name="script.Nav_Intro_Script" tests="1" failures="0" timestamp="2019-12-10T16:47:29 IST" time="52.566" errors="0">
  <testcase name="f" time="52.566" classname="script.Nav_Intro_Script"/>
</testsuite> <!-- script.Nav_Intro_Script -->
