<?xml version="1.0" encoding="UTF-8"?>
<!-- Generated by org.testng.reporters.JUnitReportReporter -->
<testsuite skipped="0" hostname="DESKTOP-AN5GK7L" name="script.HomePageScript" tests="1" failures="0" timestamp="2019-12-19T12:00:59 IST" time="24.021" errors="0">
  <testcase name="f" time="24.021" classname="script.HomePageScript"/>
</testsuite> <!-- script.HomePageScript -->
