<?xml version="1.0" encoding="UTF-8"?>
<!-- Generated by org.testng.reporters.JUnitReportReporter -->
<testsuite skipped="0" hostname="DESKTOP-AN5GK7L" name="script.PlaceOrderScript" tests="1" failures="0" timestamp="2019-12-12T17:48:13 IST" time="54.080" errors="0">
  <testcase name="f" time="54.080" classname="script.PlaceOrderScript"/>
</testsuite> <!-- script.PlaceOrderScript -->
